This is pdfTeX, Version 3.14159265-2.6-1.40.21 (MiKTeX 20.10) (preloaded format=pdflatex 2020.10.24)  1 FEB 2024 13:23
entering extended mode
**./TadejLozej_110.tex
(TadejLozej_110.tex
LaTeX2e <2020-10-01> patch level 1
L3 programming layer <2020-10-05> xparse <2020-03-03>
(C:\Users\Tadej\AppData\Local\Programs\MiKTeX\tex/latex/base\article.cls
Document Class: article 2020/04/10 v1.4m Standard LaTeX document class
(C:\Users\Tadej\AppData\Local\Programs\MiKTeX\tex/latex/base\size11.clo
File: size11.clo 2020/04/10 v1.4m Standard LaTeX file (size option)
)
\c@part=\count175
\c@section=\count176
\c@subsection=\count177
\c@subsubsection=\count178
\c@paragraph=\count179
\c@subparagraph=\count180
\c@figure=\count181
\c@table=\count182
\abovecaptionskip=\skip47
\belowcaptionskip=\skip48
\bibindent=\dimen138
)
(C:\Users\Tadej\AppData\Local\Programs\MiKTeX\tex/latex/geometry\geometry.sty
Package: geometry 2020/01/02 v5.9 Page Geometry

(C:\Users\Tadej\AppData\Local\Programs\MiKTeX\tex/latex/graphics\keyval.sty
Package: keyval 2014/10/28 v1.15 key=value parser (DPC)
\KV@toks@=\toks15
)
(C:\Users\Tadej\AppData\Local\Programs\MiKTeX\tex/generic/iftex\ifvtex.sty
Package: ifvtex 2019/10/25 v1.7 ifvtex legacy package. Use iftex instead.

(C:\Users\Tadej\AppData\Local\Programs\MiKTeX\tex/generic/iftex\iftex.sty
Package: iftex 2020/03/06 v1.0d TeX engine tests
))
\Gm@cnth=\count183
\Gm@cntv=\count184
\c@Gm@tempcnt=\count185
\Gm@bindingoffset=\dimen139
\Gm@wd@mp=\dimen140
\Gm@odd@mp=\dimen141
\Gm@even@mp=\dimen142
\Gm@layoutwidth=\dimen143
\Gm@layoutheight=\dimen144
\Gm@layouthoffset=\dimen145
\Gm@layoutvoffset=\dimen146
\Gm@dimlist=\toks16

(C:\Users\Tadej\AppData\Local\Programs\MiKTeX\tex/latex/geometry\geometry.cfg))
(C:\Users\Tadej\AppData\Local\Programs\MiKTeX\tex/latex/amsmath\amsmath.sty
Package: amsmath 2020/09/23 v2.17i AMS math features
\@mathmargin=\skip49

For additional information on amsmath, use the `?' option.
(C:\Users\Tadej\AppData\Local\Programs\MiKTeX\tex/latex/amsmath\amstext.sty
Package: amstext 2000/06/29 v2.01 AMS text

(C:\Users\Tadej\AppData\Local\Programs\MiKTeX\tex/latex/amsmath\amsgen.sty
File: amsgen.sty 1999/11/30 v2.0 generic functions
\@emptytoks=\toks17
\ex@=\dimen147
))
(C:\Users\Tadej\AppData\Local\Programs\MiKTeX\tex/latex/amsmath\amsbsy.sty
Package: amsbsy 1999/11/29 v1.2d Bold Symbols
\pmbraise@=\dimen148
)
(C:\Users\Tadej\AppData\Local\Programs\MiKTeX\tex/latex/amsmath\amsopn.sty
Package: amsopn 2016/03/08 v2.02 operator names
)
\inf@bad=\count186
LaTeX Info: Redefining \frac on input line 234.
\uproot@=\count187
\leftroot@=\count188
LaTeX Info: Redefining \overline on input line 399.
\classnum@=\count189
\DOTSCASE@=\count190
LaTeX Info: Redefining \ldots on input line 496.
LaTeX Info: Redefining \dots on input line 499.
LaTeX Info: Redefining \cdots on input line 620.
\Mathstrutbox@=\box47
\strutbox@=\box48
\big@size=\dimen149
LaTeX Font Info:    Redeclaring font encoding OML on input line 743.
LaTeX Font Info:    Redeclaring font encoding OMS on input line 744.
\macc@depth=\count191
\c@MaxMatrixCols=\count192
\dotsspace@=\muskip16
\c@parentequation=\count193
\dspbrk@lvl=\count194
\tag@help=\toks18
\row@=\count195
\column@=\count196
\maxfields@=\count197
\andhelp@=\toks19
\eqnshift@=\dimen150
\alignsep@=\dimen151
\tagshift@=\dimen152
\tagwidth@=\dimen153
\totwidth@=\dimen154
\lineht@=\dimen155
\@envbody=\toks20
\multlinegap=\skip50
\multlinetaggap=\skip51
\mathdisplay@stack=\toks21
LaTeX Info: Redefining \[ on input line 2923.
LaTeX Info: Redefining \] on input line 2924.
)
(C:\Users\Tadej\AppData\Local\Programs\MiKTeX\tex/latex/booktabs\booktabs.sty
Package: booktabs 2020/01/12 v1.61803398 Publication quality tables
\heavyrulewidth=\dimen156
\lightrulewidth=\dimen157
\cmidrulewidth=\dimen158
\belowrulesep=\dimen159
\belowbottomsep=\dimen160
\aboverulesep=\dimen161
\abovetopsep=\dimen162
\cmidrulesep=\dimen163
\cmidrulekern=\dimen164
\defaultaddspace=\dimen165
\@cmidla=\count198
\@cmidlb=\count199
\@aboverulesep=\dimen166
\@belowrulesep=\dimen167
\@thisruleclass=\count266
\@lastruleclass=\count267
\@thisrulewidth=\dimen168
)
(C:\Users\Tadej\AppData\Local\Programs\MiKTeX\tex/latex/float\float.sty
Package: float 2001/11/08 v1.3d Float enhancements (AL)
\c@float@type=\count268
\float@exts=\toks22
\float@box=\box49
\@float@everytoks=\toks23
\@floatcapt=\box50
)
(C:\Users\Tadej\AppData\Local\Programs\MiKTeX\tex/latex/graphics\graphicx.sty
Package: graphicx 2020/09/09 v1.2b Enhanced LaTeX Graphics (DPC,SPQR)

(C:\Users\Tadej\AppData\Local\Programs\MiKTeX\tex/latex/graphics\graphics.sty
Package: graphics 2020/08/30 v1.4c Standard LaTeX Graphics (DPC,SPQR)

(C:\Users\Tadej\AppData\Local\Programs\MiKTeX\tex/latex/graphics\trig.sty
Package: trig 2016/01/03 v1.10 sin cos tan (DPC)
)
(C:\Users\Tadej\AppData\Local\Programs\MiKTeX\tex/latex/graphics-cfg\graphics.c
fg
File: graphics.cfg 2016/06/04 v1.11 sample graphics configuration
)
Package graphics Info: Driver file: pdftex.def on input line 105.

(C:\Users\Tadej\AppData\Local\Programs\MiKTeX\tex/latex/graphics-def\pdftex.def
File: pdftex.def 2020/10/05 v1.2a Graphics/color driver for pdftex
))
\Gin@req@height=\dimen169
\Gin@req@width=\dimen170
) (C:\Users\Tadej\AppData\Local\Programs\MiKTeX\tex/latex/was\gensymb.sty
Package: gensymb 2003/07/02 v1.0 (WaS)
)
(C:\Users\Tadej\AppData\Local\Programs\MiKTeX\tex/latex/changepage\changepage.s
ty
Package: changepage 2009/10/20 v1.0c check page and change page layout
\c@cp@cntr=\count269
\cp@tempcnt=\count270
)
(C:\Users\Tadej\AppData\Local\Programs\MiKTeX\tex/latex/caption\subcaption.sty
Package: subcaption 2020/10/07 v1.3j Sub-captions (AR)

(C:\Users\Tadej\AppData\Local\Programs\MiKTeX\tex/latex/caption\caption.sty
Package: caption 2020/10/26 v3.5g Customizing captions (AR)

(C:\Users\Tadej\AppData\Local\Programs\MiKTeX\tex/latex/caption\caption3.sty
Package: caption3 2020/10/21 v2.2e caption3 kernel (AR)
\captionmargin=\dimen171
\captionmargin@=\dimen172
\captionwidth=\dimen173
\caption@tempdima=\dimen174
\caption@indent=\dimen175
\caption@parindent=\dimen176
\caption@hangindent=\dimen177
Package caption Info: Standard document class detected.
)
\c@caption@flags=\count271
\c@continuedfloat=\count272
Package caption Info: changepage package is loaded.
\caption@adjustwidth@hsize=\dimen178
\caption@adjustwidth@linewidth=\dimen179
Package caption Info: float package is loaded.
)
\c@subfigure=\count273
\c@subtable=\count274
) (C:\Users\Tadej\AppData\Local\Programs\MiKTeX\tex/latex/multirow\multirow.sty
Package: multirow 2021/01/02 v2.6 Span multiple rows of a table
\multirow@colwidth=\skip52
\multirow@cntb=\count275
\multirow@dima=\skip53
\bigstrutjot=\dimen180
)
(C:\Users\Tadej\AppData\Local\Programs\MiKTeX\tex/latex/blindtext\blindtext.sty
Package: blindtext 2012/01/06 V2.0 blindtext-Package
(C:\Users\Tadej\AppData\Local\Programs\MiKTeX\tex/latex/tools\xspace.sty
Package: xspace 2014/10/28 v1.13 Space after command names (DPC,MH)
)
\c@blindtext=\count276
\c@Blindtext=\count277
\c@blind@countparstart=\count278
\blind@countxx=\count279
\blindtext@numBlindtext=\count280
\blind@countyy=\count281
\c@blindlist=\count282
\c@blindlistlevel=\count283
\c@blindlist@level=\count284
\blind@listitem=\count285
\c@blind@listcount=\count286
\c@blind@levelcount=\count287
\blind@mathformula=\count288
\blind@Mathformula=\count289
\c@blind@randomcount=\count290
\c@blind@randommax=\count291
\c@blind@pangramcount=\count292
\c@blind@pangrammax=\count293
)
(C:\Users\Tadej\AppData\Local\Programs\MiKTeX\tex/latex/hyperref\hyperref.sty
Package: hyperref 2020-05-15 v7.00e Hypertext links for LaTeX

(C:\Users\Tadej\AppData\Local\Programs\MiKTeX\tex/generic/ltxcmds\ltxcmds.sty
Package: ltxcmds 2020-05-10 v1.25 LaTeX kernel commands for general use (HO)
)
(C:\Users\Tadej\AppData\Local\Programs\MiKTeX\tex/generic/pdftexcmds\pdftexcmds
.sty
Package: pdftexcmds 2020-06-27 v0.33 Utility functions of pdfTeX for LuaTeX (HO
)

(C:\Users\Tadej\AppData\Local\Programs\MiKTeX\tex/generic/infwarerr\infwarerr.s
ty
Package: infwarerr 2019/12/03 v1.5 Providing info/warning/error messages (HO)
)
Package pdftexcmds Info: \pdf@primitive is available.
Package pdftexcmds Info: \pdf@ifprimitive is available.
Package pdftexcmds Info: \pdfdraftmode found.
)
(C:\Users\Tadej\AppData\Local\Programs\MiKTeX\tex/generic/kvsetkeys\kvsetkeys.s
ty
Package: kvsetkeys 2019/12/15 v1.18 Key value parser (HO)
)
(C:\Users\Tadej\AppData\Local\Programs\MiKTeX\tex/generic/kvdefinekeys\kvdefine
keys.sty
Package: kvdefinekeys 2019-12-19 v1.6 Define keys (HO)
)
(C:\Users\Tadej\AppData\Local\Programs\MiKTeX\tex/generic/pdfescape\pdfescape.s
ty
Package: pdfescape 2019/12/09 v1.15 Implements pdfTeX's escape features (HO)
) (C:\Users\Tadej\AppData\Local\Programs\MiKTeX\tex/latex/hycolor\hycolor.sty
Package: hycolor 2020-01-27 v1.10 Color options for hyperref/bookmark (HO)
)
(C:\Users\Tadej\AppData\Local\Programs\MiKTeX\tex/latex/letltxmacro\letltxmacro
.sty
Package: letltxmacro 2019/12/03 v1.6 Let assignment for LaTeX macros (HO)
)
(C:\Users\Tadej\AppData\Local\Programs\MiKTeX\tex/latex/auxhook\auxhook.sty
Package: auxhook 2019-12-17 v1.6 Hooks for auxiliary files (HO)
)
(C:\Users\Tadej\AppData\Local\Programs\MiKTeX\tex/latex/kvoptions\kvoptions.sty
Package: kvoptions 2020-10-07 v3.14 Key value format for package options (HO)
)
\@linkdim=\dimen181
\Hy@linkcounter=\count294
\Hy@pagecounter=\count295
 (C:\Users\Tadej\AppData\Local\Programs\MiKTeX\tex/latex/hyperref\pd1enc.def
File: pd1enc.def 2020-05-15 v7.00e Hyperref: PDFDocEncoding definition (HO)
Now handling font encoding PD1 ...
... no UTF-8 mapping file for font encoding PD1
)
(C:\Users\Tadej\AppData\Local\Programs\MiKTeX\tex/generic/intcalc\intcalc.sty
Package: intcalc 2019/12/15 v1.3 Expandable calculations with integers (HO)
)
(C:\Users\Tadej\AppData\Local\Programs\MiKTeX\tex/generic/etexcmds\etexcmds.sty
Package: etexcmds 2019/12/15 v1.7 Avoid name clashes with e-TeX commands (HO)
)
\Hy@SavedSpaceFactor=\count296
Package hyperref Info: Hyper figures OFF on input line 4464.
Package hyperref Info: Link nesting OFF on input line 4469.
Package hyperref Info: Hyper index ON on input line 4472.
Package hyperref Info: Plain pages OFF on input line 4479.
Package hyperref Info: Backreferencing OFF on input line 4484.
Package hyperref Info: Implicit mode ON; LaTeX internals redefined.
Package hyperref Info: Bookmarks ON on input line 4717.
\c@Hy@tempcnt=\count297
 (C:\Users\Tadej\AppData\Local\Programs\MiKTeX\tex/latex/url\url.sty
\Urlmuskip=\muskip17
Package: url 2013/09/16  ver 3.4  Verb mode for urls, etc.
)
LaTeX Info: Redefining \url on input line 5076.
\XeTeXLinkMargin=\dimen182

(C:\Users\Tadej\AppData\Local\Programs\MiKTeX\tex/generic/bitset\bitset.sty
Package: bitset 2019/12/09 v1.3 Handle bit-vector datatype (HO)

(C:\Users\Tadej\AppData\Local\Programs\MiKTeX\tex/generic/bigintcalc\bigintcalc
.sty
Package: bigintcalc 2019/12/15 v1.5 Expandable calculations on big integers (HO
)
))
\Fld@menulength=\count298
\Field@Width=\dimen183
\Fld@charsize=\dimen184
Package hyperref Info: Hyper figures OFF on input line 6347.
Package hyperref Info: Link nesting OFF on input line 6352.
Package hyperref Info: Hyper index ON on input line 6355.
Package hyperref Info: backreferencing OFF on input line 6362.
Package hyperref Info: Link coloring OFF on input line 6367.
Package hyperref Info: Link coloring with OCG OFF on input line 6372.
Package hyperref Info: PDF/A mode OFF on input line 6377.
LaTeX Info: Redefining \ref on input line 6417.
LaTeX Info: Redefining \pageref on input line 6421.

(C:\Users\Tadej\AppData\Local\Programs\MiKTeX\tex/latex/base\atbegshi-ltx.sty
Package: atbegshi-ltx 2020/08/17 v1.0a Emulation of the original atbegshi packa
ge
with kernel methods
)
\Hy@abspage=\count299
\c@Item=\count300
\c@Hfootnote=\count301
)
Package hyperref Info: Driver (autodetected): hpdftex.
(C:\Users\Tadej\AppData\Local\Programs\MiKTeX\tex/latex/hyperref\hpdftex.def
File: hpdftex.def 2020-05-15 v7.00e Hyperref driver for pdfTeX

(C:\Users\Tadej\AppData\Local\Programs\MiKTeX\tex/latex/base\atveryend-ltx.sty
Package: atveryend-ltx 2020/08/19 v1.0a Emulation of the original atvery packag
e
with kernel methods
)
\Fld@listcount=\count302
\c@bookmark@seq@number=\count303

(C:\Users\Tadej\AppData\Local\Programs\MiKTeX\tex/latex/rerunfilecheck\rerunfil
echeck.sty
Package: rerunfilecheck 2019/12/05 v1.9 Rerun checks for auxiliary files (HO)

(C:\Users\Tadej\AppData\Local\Programs\MiKTeX\tex/generic/uniquecounter\uniquec
ounter.sty
Package: uniquecounter 2019/12/15 v1.4 Provide unlimited unique counter (HO)
)
Package uniquecounter Info: New unique counter `rerunfilecheck' on input line 2
86.
)
\Hy@SectionHShift=\skip54
)
(C:\Users\Tadej\AppData\Local\Programs\MiKTeX\tex/latex/mhchem\mhchem.sty
Package: mhchem 2021/12/31 v4.09 for typesetting chemical formulae

(C:\Users\Tadej\AppData\Local\Programs\MiKTeX\tex/latex/l3kernel\expl3.sty
Package: expl3 2020-10-05 L3 programming layer (loader) 

(C:\Users\Tadej\AppData\Local\Programs\MiKTeX\tex/latex/l3backend\l3backend-pdf
tex.def
File: l3backend-pdftex.def 2020-09-24 L3 backend support: PDF output (pdfTeX)
\l__kernel_color_stack_int=\count304
\l__pdf_internal_box=\box51
))
(C:\Users\Tadej\AppData\Local\Programs\MiKTeX\tex/latex/l3packages/l3keys2e\l3k
eys2e.sty
Package: l3keys2e 2020-10-05 LaTeX2e option processing using LaTeX3 keys
)
(C:\Users\Tadej\AppData\Local\Programs\MiKTeX\tex/latex/tools\calc.sty
Package: calc 2017/05/25 v4.3 Infix arithmetic (KKT,FJ)
\calc@Acount=\count305
\calc@Bcount=\count306
\calc@Adimen=\dimen185
\calc@Bdimen=\dimen186
\calc@Askip=\skip55
\calc@Bskip=\skip56
LaTeX Info: Redefining \setlength on input line 80.
LaTeX Info: Redefining \addtolength on input line 81.
\calc@Ccount=\count307
\calc@Cskip=\skip57
)
(C:\Users\Tadej\AppData\Local\Programs\MiKTeX\tex/latex/chemgreek\chemgreek.sty

(C:\Users\Tadej\AppData\Local\Programs\MiKTeX\tex/latex/l3packages/xparse\xpars
e.sty
Package: xparse 2020-10-05 L3 Experimental document command parser

(C:\Users\Tadej\AppData\Local\Programs\MiKTeX\tex/latex/l3packages/xparse\xpars
e-generic.tex))
Package: chemgreek 2020/01/16 v1.1a interface for upright Greek letters for use
 in chemistry (CN)
\l__chemgreek_tmpa_int=\count308
\g__chemgreek_tmpa_int=\count309
)
\l__mhchem_ce_distanceFromLastComma_int=\count310
\__mhchem_arrow_extPgfLength_skip=\skip58
\mhchem@minispace@tmp=\skip59
\mhchem@minibackspace@tmp=\skip60
\mhchem@bondwidth=\skip61
\mhchem@bondheight=\skip62
\mhchem@smallbondwidth@tmpA=\skip63
\mhchem@smallbondwidth@tmpB=\skip64
\mhchem@smallbondwidth=\skip65
\mhchem@bondtmp@minussidebearingleft=\skip66
\mhchem@bondtmp@minussidebearingright=\skip67
\l__mhchem_option_version_int=\count311
\mhchem@option@minusmathsidebearingleft=\dimen187
\mhchem@option@minusmathsidebearingright=\dimen188
\mhchem@option@minustextsidebearingleft=\dimen189
\mhchem@option@minustextsidebearingright=\dimen190
)
(C:\Users\Tadej\AppData\Local\Programs\MiKTeX\tex/generic/babel\babel.sty
Package: babel 2020/10/06 3.50 The Babel package

(C:\Users\Tadej\AppData\Local\Programs\MiKTeX\tex/generic/babel\babel.def
File: babel.def 2020/10/06 3.50 Babel common definitions
\babel@savecnt=\count312
\U@D=\dimen191
\l@babelnohyphens=\language79

(C:\Users\Tadej\AppData\Local\Programs\MiKTeX\tex/generic/babel\txtbabel.def)
\bbl@readstream=\read2
)
\bbl@dirlevel=\count313

*************************************
* Local config file bblopts.cfg used
*
(C:\Users\Tadej\AppData\Local\Programs\MiKTeX\tex/latex/arabi\bblopts.cfg
File: bblopts.cfg 2005/09/08 v0.1 add Arabic and Farsi to "declared" options of
 babel
)
(C:\Users\Tadej\AppData\Local\Programs\MiKTeX\tex/latex/babel-slovenian\slovene
.ldf
Language: slovene 2021/02/06 v1.2n Slovene support from the babel system
Package babel Info: Making " an active character on input line 79.
)) (TadejLozej_110.aux)
\openout1 = `TadejLozej_110.aux'.

LaTeX Font Info:    Checking defaults for OML/cmm/m/it on input line 19.
LaTeX Font Info:    ... okay on input line 19.
LaTeX Font Info:    Checking defaults for OMS/cmsy/m/n on input line 19.
LaTeX Font Info:    ... okay on input line 19.
LaTeX Font Info:    Checking defaults for OT1/cmr/m/n on input line 19.
LaTeX Font Info:    ... okay on input line 19.
LaTeX Font Info:    Checking defaults for T1/cmr/m/n on input line 19.
LaTeX Font Info:    ... okay on input line 19.
LaTeX Font Info:    Checking defaults for TS1/cmr/m/n on input line 19.
LaTeX Font Info:    ... okay on input line 19.
LaTeX Font Info:    Checking defaults for OMX/cmex/m/n on input line 19.
LaTeX Font Info:    ... okay on input line 19.
LaTeX Font Info:    Checking defaults for U/cmr/m/n on input line 19.
LaTeX Font Info:    ... okay on input line 19.
LaTeX Font Info:    Checking defaults for PD1/pdf/m/n on input line 19.
LaTeX Font Info:    ... okay on input line 19.

*geometry* driver: auto-detecting
*geometry* detected driver: pdftex
*geometry* verbose mode - [ preamble ] result:
* driver: pdftex
* paper: a4paper
* layout: <same size as paper>
* layoutoffset:(h,v)=(0.0pt,0.0pt)
* modes: 
* h-part:(L,W,R)=(51.21504pt, 495.07779pt, 51.21504pt)
* v-part:(T,H,B)=(51.21504pt, 708.47354pt, 85.35826pt)
* \paperwidth=597.50787pt
* \paperheight=845.04684pt
* \textwidth=495.07779pt
* \textheight=708.47354pt
* \oddsidemargin=-21.05495pt
* \evensidemargin=-21.05495pt
* \topmargin=-58.05495pt
* \headheight=12.0pt
* \headsep=25.0pt
* \topskip=11.0pt
* \footskip=42.67912pt
* \marginparwidth=50.0pt
* \marginparsep=10.0pt
* \columnsep=10.0pt
* \skip\footins=10.0pt plus 4.0pt minus 2.0pt
* \hoffset=0.0pt
* \voffset=0.0pt
* \mag=1000
* \@twocolumnfalse
* \@twosidefalse
* \@mparswitchfalse
* \@reversemarginfalse
* (1in=72.27pt=25.4mm, 1cm=28.453pt)


(C:\Users\Tadej\AppData\Local\Programs\MiKTeX\tex/context/base/mkii\supp-pdf.mk
ii
[Loading MPS to PDF converter (version 2006.09.02).]
\scratchcounter=\count314
\scratchdimen=\dimen192
\scratchbox=\box52
\nofMPsegments=\count315
\nofMParguments=\count316
\everyMPshowfont=\toks24
\MPscratchCnt=\count317
\MPscratchDim=\dimen193
\MPnumerator=\count318
\makeMPintoPDFobject=\count319
\everyMPtoPDFconversion=\toks25
)
(C:\Users\Tadej\AppData\Local\Programs\MiKTeX\tex/latex/epstopdf-pkg\epstopdf-b
ase.sty
Package: epstopdf-base 2020-01-24 v2.11 Base part for package epstopdf

(C:\Users\Tadej\AppData\Local\Programs\MiKTeX\tex/latex/grfext\grfext.sty
Package: grfext 2019/12/03 v1.3 Manage graphics extensions (HO)
)
Package epstopdf-base Info: Redefining graphics rule for `.eps' on input line 4
85.
Package grfext Info: Graphics extension search list:
(grfext)             [.pdf,.png,.jpg,.mps,.jpeg,.jbig2,.jb2,.PDF,.PNG,.JPG,.JPE
G,.JBIG2,.JB2,.eps]
(grfext)             \AppendGraphicsExtensions on input line 504.
)
LaTeX Info: Redefining \celsius on input line 19.
Package gensymb Info: Faking symbols for \degree and \celsius on input line 19.



Package gensymb Warning: Not defining \perthousand.

LaTeX Info: Redefining \ohm on input line 19.
Package gensymb Info: Using \Omega for \ohm on input line 19.

Package gensymb Warning: Not defining \micro.

Package caption Info: Begin \AtBeginDocument code.
Package caption Info: hyperref package is loaded.
Package caption Info: End \AtBeginDocument code.
Package hyperref Info: Link coloring OFF on input line 19.
(C:\Users\Tadej\AppData\Local\Programs\MiKTeX\tex/latex/hyperref\nameref.sty
Package: nameref 2019/09/16 v2.46 Cross-referencing by name of section

(C:\Users\Tadej\AppData\Local\Programs\MiKTeX\tex/latex/refcount\refcount.sty
Package: refcount 2019/12/15 v3.6 Data extraction from label references (HO)
)
(C:\Users\Tadej\AppData\Local\Programs\MiKTeX\tex/generic/gettitlestring\gettit
lestring.sty
Package: gettitlestring 2019/12/15 v1.6 Cleanup title references (HO)
)
\c@section@level=\count320
)
LaTeX Info: Redefining \ref on input line 19.
LaTeX Info: Redefining \pageref on input line 19.
LaTeX Info: Redefining \nameref on input line 19.
 (TadejLozej_110.out) (TadejLozej_110.out)
\@outlinefile=\write3
\openout3 = `TadejLozej_110.out'.


Package chemgreek Info: Activating mapping `default' on line 19.

 [1

{C:/Users/Tadej/AppData/Local/MiKTeX/pdftex/config/pdftex.map}] (TadejLozej_110
.toc)
\tf@toc=\write4
\openout4 = `TadejLozej_110.toc'.

pdfTeX warning (ext4): destination with the same identifier (name{page.}) has b
een already used, duplicate ignored
<to be read again> 
                   \relax 
l.35 \newpage
              [2]

Package hyperref Warning: Composite letter `\textasciicaron+c'
(hyperref)                not defined in PD1 encoding,
(hyperref)                removing `\textasciicaron' on input line 43.

<slika1.png, id=62, 739.3221pt x 346.1733pt>
File: slika1.png Graphic file (type png)
<use slika1.png>
Package pdftex.def Info: slika1.png  used on input line 49.
(pdftex.def)             Requested size: 341.43306pt x 159.87022pt.
[1 <./slika1.png>]
<slika2.png, id=83, 729.2043pt x 346.1733pt>
File: slika2.png Graphic file (type png)
<use slika2.png>
Package pdftex.def Info: slika2.png  used on input line 73.
(pdftex.def)             Requested size: 341.43306pt x 162.08873pt.
<slika3.png, id=84, 739.3221pt x 625.1355pt>
File: slika3.png Graphic file (type png)
<use slika3.png>
Package pdftex.def Info: slika3.png  used on input line 86.
(pdftex.def)             Requested size: 341.43306pt x 288.70093pt.
 [2 <./slika2.png> <./slika3.png>]
<slika4.png, id=94, 926.5014pt x 607.7907pt>
File: slika4.png Graphic file (type png)
<use slika4.png>
Package pdftex.def Info: slika4.png  used on input line 98.
(pdftex.def)             Requested size: 426.79134pt x 279.9859pt.
 [3 <./slika4.png>]
<slika5.png, id=101, 912.7701pt x 941.6781pt>
File: slika5.png Graphic file (type png)
<use slika5.png>
Package pdftex.def Info: slika5.png  used on input line 108.
(pdftex.def)             Requested size: 426.79134pt x 440.30412pt.


Package hyperref Warning: Composite letter `\textasciicaron+c'
(hyperref)                not defined in PD1 encoding,
(hyperref)                removing `\textasciicaron' on input line 112.

[4 <./slika5.png>]
<slika6.png, id=108, 739.3221pt x 625.1355pt>
File: slika6.png Graphic file (type png)
<use slika6.png>
Package pdftex.def Info: slika6.png  used on input line 122.
(pdftex.def)             Requested size: 341.43306pt x 288.70093pt.
<slika7.png, id=109, 919.2744pt x 607.7907pt>
File: slika7.png Graphic file (type png)
<use slika7.png>
Package pdftex.def Info: slika7.png  used on input line 128.
(pdftex.def)             Requested size: 426.79134pt x 282.18387pt.
 [5 <./slika6.png> <./slika7.png>]
<slika8.png, id=119, 912.7701pt x 941.6781pt>
File: slika8.png Graphic file (type png)
<use slika8.png>
Package pdftex.def Info: slika8.png  used on input line 136.
(pdftex.def)             Requested size: 426.79134pt x 440.30412pt.
 [6 <./slika8.png>]
<slika9.png, id=126, 912.7701pt x 958.3002pt>
File: slika9.png Graphic file (type png)
<use slika9.png>
Package pdftex.def Info: slika9.png  used on input line 146.
(pdftex.def)             Requested size: 426.79134pt x 448.07619pt.

[7 <./slika9.png>]
<slika10.png, id=133, 919.9971pt x 1292.1876pt>
File: slika10.png Graphic file (type png)
<use slika10.png>
Package pdftex.def Info: slika10.png  used on input line 156.
(pdftex.def)             Requested size: 426.79134pt x 599.46112pt.
 [8 <./slika10.png>]
LaTeX Font Info:    Trying to load font information for OMS+cmtt on input line 
175.
LaTeX Font Info:    No file OMScmtt.fd. on input line 175.


LaTeX Font Warning: Font shape `OMS/cmtt/m/n' undefined
(Font)              using `OMS/cmsy/m/n' instead
(Font)              for symbol `textbraceleft' on input line 175.

<slika11.png, id=140, 739.3221pt x 346.1733pt>
File: slika11.png Graphic file (type png)
<use slika11.png>
Package pdftex.def Info: slika11.png  used on input line 179.
(pdftex.def)             Requested size: 341.43306pt x 159.87022pt.
[9 <./slika11.png>]
<slika12.png, id=150, 727.7589pt x 346.1733pt>
File: slika12.png Graphic file (type png)
<use slika12.png>
Package pdftex.def Info: slika12.png  used on input line 196.
(pdftex.def)             Requested size: 341.43306pt x 162.41093pt.
<slika13.png, id=151, 739.3221pt x 958.3002pt>
File: slika13.png Graphic file (type png)
<use slika13.png>
Package pdftex.def Info: slika13.png  used on input line 202.
(pdftex.def)             Requested size: 341.43306pt x 442.56352pt.
 [10 <./slika12.png> <./slika13.png>]
<slika14.png, id=160, 632.3625pt x 309.3156pt>
File: slika14.png Graphic file (type png)
<use slika14.png>
Package pdftex.def Info: slika14.png  used on input line 216.
(pdftex.def)             Requested size: 341.43306pt x 167.01376pt.
<slika15.png, id=161, 338.9463pt x 329.5512pt>
File: slika15.png Graphic file (type png)
<use slika15.png>
Package pdftex.def Info: slika15.png  used on input line 229.
(pdftex.def)             Requested size: 142.26378pt x 138.32004pt.
 [11 <./slika14.png> <./slika15.png>]
<slika16.png, id=172, 683.6742pt x 309.3156pt>
File: slika16.png Graphic file (type png)
<use slika16.png>
Package pdftex.def Info: slika16.png  used on input line 241.
(pdftex.def)             Requested size: 341.43306pt x 154.47806pt.
<slika17.png, id=173, 684.3969pt x 309.3156pt>
File: slika17.png Graphic file (type png)
<use slika17.png>
Package pdftex.def Info: slika17.png  used on input line 251.
(pdftex.def)             Requested size: 341.43306pt x 154.31287pt.
 [12 <./slika16.png> <./slika17.png>]
<slika18.png, id=182, 684.3969pt x 309.3156pt>
File: slika18.png Graphic file (type png)
<use slika18.png>
Package pdftex.def Info: slika18.png  used on input line 263.
(pdftex.def)             Requested size: 341.43306pt x 154.31287pt.


Package hyperref Warning: Composite letter `\textasciicaron+c'
(hyperref)                not defined in PD1 encoding,
(hyperref)                removing `\textasciicaron' on input line 267.

[13 <./slika18.png>] (TadejLozej_110.aux)
Package rerunfilecheck Info: File `TadejLozej_110.out' has not changed.
(rerunfilecheck)             Checksum: 0CD4DC469C4F4FFF0AC38BC30C4BB205;514.


LaTeX Font Warning: Some font shapes were not available, defaults substituted.

 ) 
Here is how much of TeX's memory you used:
 9805 strings out of 480236
 163944 string characters out of 2880557
 500161 words of memory out of 3000000
 26113 multiletter control sequences out of 15000+200000
 541666 words of font info for 52 fonts, out of 3000000 for 9000
 1141 hyphenation exceptions out of 8191
 60i,6n,68p,1094b,366s stack positions out of 5000i,500n,10000p,200000b,50000s
 <C:\Users\Tadej\AppData\Local\MiKTeX\fonts/pk/ljfour/jknappen/ec/dpi600\tcrm
1095.pk><C:/Users/Tadej/AppData/Local/Programs/MiKTeX/fonts/type1/public/amsfon
ts/cm/cmbx10.pfb><C:/Users/Tadej/AppData/Local/Programs/MiKTeX/fonts/type1/publ
ic/amsfonts/cm/cmbx12.pfb><C:/Users/Tadej/AppData/Local/Programs/MiKTeX/fonts/t
ype1/public/amsfonts/cm/cmex10.pfb><C:/Users/Tadej/AppData/Local/Programs/MiKTe
X/fonts/type1/public/amsfonts/cmextra/cmex8.pfb><C:/Users/Tadej/AppData/Local/P
rograms/MiKTeX/fonts/type1/public/amsfonts/cm/cmmi10.pfb><C:/Users/Tadej/AppDat
a/Local/Programs/MiKTeX/fonts/type1/public/amsfonts/cm/cmmi6.pfb><C:/Users/Tade
j/AppData/Local/Programs/MiKTeX/fonts/type1/public/amsfonts/cm/cmmi8.pfb><C:/Us
ers/Tadej/AppData/Local/Programs/MiKTeX/fonts/type1/public/amsfonts/cm/cmr10.pf
b><C:/Users/Tadej/AppData/Local/Programs/MiKTeX/fonts/type1/public/amsfonts/cm/
cmr12.pfb><C:/Users/Tadej/AppData/Local/Programs/MiKTeX/fonts/type1/public/amsf
onts/cm/cmr17.pfb><C:/Users/Tadej/AppData/Local/Programs/MiKTeX/fonts/type1/pub
lic/amsfonts/cm/cmr6.pfb><C:/Users/Tadej/AppData/Local/Programs/MiKTeX/fonts/ty
pe1/public/amsfonts/cm/cmr8.pfb><C:/Users/Tadej/AppData/Local/Programs/MiKTeX/f
onts/type1/public/amsfonts/cm/cmsy10.pfb><C:/Users/Tadej/AppData/Local/Programs
/MiKTeX/fonts/type1/public/amsfonts/cm/cmsy6.pfb><C:/Users/Tadej/AppData/Local/
Programs/MiKTeX/fonts/type1/public/amsfonts/cm/cmsy8.pfb><C:/Users/Tadej/AppDat
a/Local/Programs/MiKTeX/fonts/type1/public/amsfonts/cm/cmtt10.pfb>
Output written on TadejLozej_110.pdf (15 pages, 4472371 bytes).
PDF statistics:
 257 PDF objects out of 1000 (max. 8388607)
 49 named destinations out of 1000 (max. 500000)
 163 words of extra memory for PDF output out of 10000 (max. 10000000)

